2025-02-19 02:53:53 - urllib3.connectionpool - DEBUG - Starting new HTTPS connection (1): api.airtable.com:443
2025-02-19 02:53:56 - urllib3.connectionpool - DEBUG - https://api.airtable.com:443 "GET /v0/appvtycLXousP5LUO/Topics%20Review HTTP/1.1" 200 5719
2025-02-19 02:53:56 - urllib3.connectionpool - DEBUG - https://api.airtable.com:443 "GET /v0/appvtycLXousP5LUO/Topics%20Review?offset=itroFaQjAeIEcGuct%2FrecgByLPuOrqGsRtS HTTP/1.1" 200 3072
2025-02-19 02:56:18 - urllib3.connectionpool - DEBUG - Starting new HTTPS connection (1): api.airtable.com:443
2025-02-19 02:56:18 - urllib3.connectionpool - DEBUG - https://api.airtable.com:443 "GET /v0/appvtycLXousP5LUO/Topics%20Review HTTP/1.1" 200 5719
2025-02-19 02:56:18 - urllib3.connectionpool - DEBUG - https://api.airtable.com:443 "GET /v0/appvtycLXousP5LUO/Topics%20Review?offset=itrmDqXrE325XJr4l%2FrecgByLPuOrqGsRtS HTTP/1.1" 200 3072
2025-02-19 02:59:36 - urllib3.connectionpool - DEBUG - Starting new HTTPS connection (1): api.airtable.com:443
2025-02-19 02:59:38 - urllib3.connectionpool - DEBUG - https://api.airtable.com:443 "GET /v0/appvtycLXousP5LUO/Topics%20Review HTTP/1.1" 200 5719
2025-02-19 02:59:38 - urllib3.connectionpool - DEBUG - https://api.airtable.com:443 "GET /v0/appvtycLXousP5LUO/Topics%20Review?offset=itrix6OEQ8hJrR92I%2FrecgByLPuOrqGsRtS HTTP/1.1" 200 3072
2025-02-19 03:02:50 - urllib3.connectionpool - DEBUG - Starting new HTTPS connection (1): api.airtable.com:443
2025-02-19 03:02:53 - urllib3.connectionpool - DEBUG - https://api.airtable.com:443 "GET /v0/appvtycLXousP5LUO/Topics%20Review HTTP/1.1" 200 5719
2025-02-19 03:02:53 - urllib3.connectionpool - DEBUG - https://api.airtable.com:443 "GET /v0/appvtycLXousP5LUO/Topics%20Review?offset=itrGXNgNsOJmtXlLo%2FrecgByLPuOrqGsRtS HTTP/1.1" 200 3072
2025-02-19 03:03:12 - urllib3.connectionpool - DEBUG - Starting new HTTPS connection (1): api.airtable.com:443
2025-02-19 03:03:12 - urllib3.connectionpool - DEBUG - https://api.airtable.com:443 "GET /v0/appvtycLXousP5LUO/Topics%20Review HTTP/1.1" 200 5688
2025-02-19 03:03:13 - urllib3.connectionpool - DEBUG - https://api.airtable.com:443 "GET /v0/appvtycLXousP5LUO/Topics%20Review?offset=itr1TzsIlCRn1Dxjp%2FrecgByLPuOrqGsRtS HTTP/1.1" 200 3052
2025-02-19 03:03:46 - urllib3.connectionpool - DEBUG - Starting new HTTPS connection (1): api.airtable.com:443
2025-02-19 03:03:46 - urllib3.connectionpool - DEBUG - https://api.airtable.com:443 "GET /v0/appvtycLXousP5LUO/Topics%20Review HTTP/1.1" 200 5720
2025-02-19 03:03:47 - urllib3.connectionpool - DEBUG - https://api.airtable.com:443 "GET /v0/appvtycLXousP5LUO/Topics%20Review?offset=itrzOSa2FGxXw4f0Y%2FrecgByLPuOrqGsRtS HTTP/1.1" 200 3072
2025-02-19 03:04:06 - urllib3.connectionpool - DEBUG - Starting new HTTPS connection (1): api.airtable.com:443
2025-02-19 03:04:06 - urllib3.connectionpool - DEBUG - https://api.airtable.com:443 "GET /v0/appvtycLXousP5LUO/Topics%20Review HTTP/1.1" 200 5688
2025-02-19 03:04:06 - urllib3.connectionpool - DEBUG - https://api.airtable.com:443 "GET /v0/appvtycLXousP5LUO/Topics%20Review?offset=itrRdHsjM0u9eHcY4%2FrecgByLPuOrqGsRtS HTTP/1.1" 200 3052
2025-02-19 03:05:17 - urllib3.connectionpool - DEBUG - Starting new HTTPS connection (1): api.airtable.com:443
2025-02-19 03:05:17 - urllib3.connectionpool - DEBUG - https://api.airtable.com:443 "GET /v0/appvtycLXousP5LUO/Topics%20Review HTTP/1.1" 200 5719
2025-02-19 03:05:18 - urllib3.connectionpool - DEBUG - https://api.airtable.com:443 "GET /v0/appvtycLXousP5LUO/Topics%20Review?offset=itrqlSS4sT1UzTOYH%2FrecgByLPuOrqGsRtS HTTP/1.1" 200 3072
2025-02-19 03:06:31 - urllib3.connectionpool - DEBUG - Starting new HTTPS connection (1): api.airtable.com:443
2025-02-19 03:06:31 - urllib3.connectionpool - DEBUG - https://api.airtable.com:443 "GET /v0/appvtycLXousP5LUO/Topics%20Review HTTP/1.1" 200 5719
2025-02-19 03:06:32 - urllib3.connectionpool - DEBUG - https://api.airtable.com:443 "GET /v0/appvtycLXousP5LUO/Topics%20Review?offset=itryXae14Ja00ptaP%2FrecgByLPuOrqGsRtS HTTP/1.1" 200 3072
2025-02-19 03:07:21 - urllib3.connectionpool - DEBUG - Starting new HTTPS connection (1): api.airtable.com:443
2025-02-19 03:07:22 - urllib3.connectionpool - DEBUG - https://api.airtable.com:443 "GET /v0/appvtycLXousP5LUO/Topics%20Review HTTP/1.1" 200 5720
2025-02-19 03:07:22 - urllib3.connectionpool - DEBUG - https://api.airtable.com:443 "GET /v0/appvtycLXousP5LUO/Topics%20Review?offset=itrfCmNJ5Lnf4UyXY%2FrecgByLPuOrqGsRtS HTTP/1.1" 200 3072
2025-02-19 03:07:45 - urllib3.connectionpool - DEBUG - Starting new HTTPS connection (1): api.airtable.com:443
2025-02-19 03:07:46 - urllib3.connectionpool - DEBUG - https://api.airtable.com:443 "GET /v0/appvtycLXousP5LUO/Topics%20Review HTTP/1.1" 200 5689
2025-02-19 03:07:46 - urllib3.connectionpool - DEBUG - https://api.airtable.com:443 "GET /v0/appvtycLXousP5LUO/Topics%20Review?offset=itrxj4kE76JBeihqb%2FrecgByLPuOrqGsRtS HTTP/1.1" 200 3052
2025-02-19 03:08:43 - urllib3.connectionpool - DEBUG - Starting new HTTPS connection (1): api.airtable.com:443
2025-02-19 03:08:44 - urllib3.connectionpool - DEBUG - https://api.airtable.com:443 "GET /v0/appvtycLXousP5LUO/Topics%20Review HTTP/1.1" 200 5719
2025-02-19 03:08:44 - urllib3.connectionpool - DEBUG - https://api.airtable.com:443 "GET /v0/appvtycLXousP5LUO/Topics%20Review?offset=itr5bPYcm6Dvf52PF%2FrecgByLPuOrqGsRtS HTTP/1.1" 200 3072
2025-02-19 03:11:34 - urllib3.connectionpool - DEBUG - Starting new HTTPS connection (1): api.airtable.com:443
2025-02-19 03:11:34 - urllib3.connectionpool - DEBUG - https://api.airtable.com:443 "GET /v0/appvtycLXousP5LUO/Topics%20Review HTTP/1.1" 200 5720
2025-02-19 03:11:34 - urllib3.connectionpool - DEBUG - https://api.airtable.com:443 "GET /v0/appvtycLXousP5LUO/Topics%20Review?offset=itrKQEfAFBDG1rmcm%2FrecgByLPuOrqGsRtS HTTP/1.1" 200 3072
2025-02-19 03:11:58 - urllib3.connectionpool - DEBUG - Starting new HTTPS connection (1): api.airtable.com:443
2025-02-19 03:11:59 - urllib3.connectionpool - DEBUG - https://api.airtable.com:443 "GET /v0/appvtycLXousP5LUO/Topics%20Review HTTP/1.1" 200 5688
2025-02-19 03:11:59 - urllib3.connectionpool - DEBUG - https://api.airtable.com:443 "GET /v0/appvtycLXousP5LUO/Topics%20Review?offset=itrJcpqb1x2qdFyoM%2FrecgByLPuOrqGsRtS HTTP/1.1" 200 3052
2025-02-19 03:36:33 - urllib3.connectionpool - DEBUG - Starting new HTTPS connection (1): api.airtable.com:443
2025-02-19 03:36:36 - urllib3.connectionpool - DEBUG - https://api.airtable.com:443 "GET /v0/appvtycLXousP5LUO/Practice%20Test%20Review HTTP/1.1" 200 4278
2025-02-19 03:36:36 - urllib3.connectionpool - DEBUG - https://api.airtable.com:443 "GET /v0/appvtycLXousP5LUO/Practice%20Test%20Review?offset=itrNsKqxpkHumqHGa%2FrecmLOgLckbNoq1TO HTTP/1.1" 200 2349
2025-02-19 03:41:05 - urllib3.connectionpool - DEBUG - Starting new HTTPS connection (1): api.airtable.com:443
2025-02-19 03:41:06 - urllib3.connectionpool - DEBUG - https://api.airtable.com:443 "GET /v0/appvtycLXousP5LUO/Practice%20Test%20Review HTTP/1.1" 200 4277
2025-02-19 03:41:07 - urllib3.connectionpool - DEBUG - https://api.airtable.com:443 "GET /v0/appvtycLXousP5LUO/Practice%20Test%20Review?offset=itrTnuEnclqzwEEdr%2FrecmLOgLckbNoq1TO HTTP/1.1" 200 2349
2025-02-19 03:44:44 - urllib3.connectionpool - DEBUG - Starting new HTTPS connection (1): api.airtable.com:443
2025-02-19 03:44:45 - urllib3.connectionpool - DEBUG - https://api.airtable.com:443 "GET /v0/appvtycLXousP5LUO/Practice%20Test%20Review HTTP/1.1" 200 4278
2025-02-19 03:44:46 - urllib3.connectionpool - DEBUG - https://api.airtable.com:443 "GET /v0/appvtycLXousP5LUO/Practice%20Test%20Review?offset=itr3bz7DFMkcPOoYQ%2FrecmLOgLckbNoq1TO HTTP/1.1" 200 2349
2025-02-19 03:48:17 - urllib3.connectionpool - DEBUG - Starting new HTTPS connection (1): api.airtable.com:443
2025-02-19 03:48:19 - urllib3.connectionpool - DEBUG - https://api.airtable.com:443 "GET /v0/appvtycLXousP5LUO/Practice%20Test%20Scores HTTP/1.1" 200 2251
2025-02-19 03:50:29 - urllib3.connectionpool - DEBUG - Starting new HTTPS connection (1): api.airtable.com:443
2025-02-19 03:50:29 - urllib3.connectionpool - DEBUG - https://api.airtable.com:443 "GET /v0/appvtycLXousP5LUO/Practice%20Test%20Scores HTTP/1.1" 200 2251
2025-02-19 03:52:15 - urllib3.connectionpool - DEBUG - Starting new HTTPS connection (1): api.airtable.com:443
2025-02-19 03:52:16 - urllib3.connectionpool - DEBUG - https://api.airtable.com:443 "GET /v0/appvtycLXousP5LUO/Practice%20Test%20Scores HTTP/1.1" 200 2251
2025-02-19 03:52:23 - urllib3.connectionpool - DEBUG - Starting new HTTPS connection (1): api.airtable.com:443
2025-02-19 03:52:23 - urllib3.connectionpool - DEBUG - https://api.airtable.com:443 "GET /v0/appvtycLXousP5LUO/Practice%20Test%20Scores HTTP/1.1" 200 2251
2025-02-19 03:52:57 - urllib3.connectionpool - DEBUG - Starting new HTTPS connection (1): api.airtable.com:443
2025-02-19 03:52:57 - urllib3.connectionpool - DEBUG - https://api.airtable.com:443 "GET /v0/appvtycLXousP5LUO/Practice%20Test%20Scores HTTP/1.1" 200 2251
2025-02-19 03:53:16 - urllib3.connectionpool - DEBUG - Starting new HTTPS connection (1): api.airtable.com:443
2025-02-19 03:53:16 - urllib3.connectionpool - DEBUG - https://api.airtable.com:443 "GET /v0/appvtycLXousP5LUO/Practice%20Test%20Scores HTTP/1.1" 200 2251
2025-02-19 03:54:17 - urllib3.connectionpool - DEBUG - Starting new HTTPS connection (1): api.airtable.com:443
2025-02-19 03:54:18 - urllib3.connectionpool - DEBUG - https://api.airtable.com:443 "GET /v0/appvtycLXousP5LUO/Practice%20Test%20Scores HTTP/1.1" 200 2251
2025-02-19 03:57:17 - urllib3.connectionpool - DEBUG - Starting new HTTPS connection (1): api.airtable.com:443
2025-02-19 03:57:18 - urllib3.connectionpool - DEBUG - https://api.airtable.com:443 "GET /v0/appvtycLXousP5LUO/Practice%20Test%20Scores HTTP/1.1" 200 2251
2025-02-19 03:58:31 - urllib3.connectionpool - DEBUG - Starting new HTTPS connection (1): api.airtable.com:443
2025-02-19 03:58:31 - urllib3.connectionpool - DEBUG - https://api.airtable.com:443 "GET /v0/appvtycLXousP5LUO/Practice%20Test%20Review HTTP/1.1" 200 4278
2025-02-19 03:58:32 - urllib3.connectionpool - DEBUG - https://api.airtable.com:443 "GET /v0/appvtycLXousP5LUO/Practice%20Test%20Review?offset=itrucHjJzdvMLTB7w%2FrecmLOgLckbNoq1TO HTTP/1.1" 200 2349
2025-02-19 03:58:32 - urllib3.connectionpool - DEBUG - Starting new HTTPS connection (1): api.airtable.com:443
2025-02-19 03:58:32 - urllib3.connectionpool - DEBUG - https://api.airtable.com:443 "GET /v0/appvtycLXousP5LUO/Practice%20Test%20Scores HTTP/1.1" 200 2251
